<?xml version="1.0" encoding="UTF-8"?>
<!-- Generated by org.testng.reporters.JUnitReportReporter -->
<testsuite skipped="0" hostname="T3J45" name="runner.POMTest" tests="1" failures="0" timestamp="2020-06-06T18:35:40 IST" time="7.882" errors="0">
  <testcase name="pomTest" time="7.882" classname="runner.POMTest"/>
  <system-out>
Login Successful  </system-out>
</testsuite> <!-- runner.POMTest -->
