<?xml version="1.0" encoding="UTF-8"?>
<!-- Generated by org.testng.reporters.JUnitReportReporter -->
<testsuite skipped="0" hostname="T3J45" name="com.extract.TestOne" tests="1" failures="0" timestamp="2020-05-18T22:53:24 IST" time="18.975" errors="0">
  <testcase name="SalvarImagemFileOnSite" time="18.975" classname="com.extract.TestOne"/>
  <system-out/>
</testsuite> <!-- com.extract.TestOne -->
