<?xml version="1.0" encoding="UTF-8"?>
<!-- Generated by org.testng.reporters.JUnitReportReporter -->
<testsuite skipped="0" hostname="T3J45" name="com.extract.New" tests="1" failures="0" timestamp="2020-05-18T23:51:16 IST" time="0.589" errors="0">
  <testcase name="image_extract" time="0.589" classname="com.extract.New"/>
  <system-out/>
</testsuite> <!-- com.extract.New -->
