<?xml version="1.0" encoding="UTF-8"?>
<!-- Generated by org.testng.reporters.JUnitReportReporter -->
<testsuite skipped="0" hostname="T3J45" name="com.extract.ImageExtract" tests="1" failures="0" timestamp="2020-05-19T00:07:33 IST" time="7.845" errors="0">
  <testcase name="image_extract" time="7.845" classname="com.extract.ImageExtract"/>
  <system-out/>
</testsuite> <!-- com.extract.ImageExtract -->
