<?xml version="1.0" encoding="UTF-8"?>
<!-- Generated by org.testng.reporters.JUnitReportReporter -->
<testsuite skipped="0" hostname="T3J45" name="com.yatra.POMTest" tests="2" failures="0" timestamp="2020-04-27T15:46:26 IST" time="192.139" errors="0">
  <testcase name="book_flight_one_way" time="88.726" classname="com.yatra.POMTest"/>
  <system-out/>
  <testcase name="book_flight_round_trip" time="103.413" classname="com.yatra.POMTest"/>
  <system-out/>
</testsuite> <!-- com.yatra.POMTest -->
