<?xml version="1.0" encoding="UTF-8"?>
<!-- Generated by org.testng.reporters.JUnitReportReporter -->
<testsuite skipped="0" hostname="T3J45" name="runner.POMTest" tests="1" failures="0" timestamp="2020-06-04T17:49:28 IST" time="19.896" errors="0">
  <testcase name="pomTest" time="19.896" classname="runner.POMTest"/>
  <system-out/>
</testsuite> <!-- runner.POMTest -->
