<?xml version="1.0" encoding="UTF-8"?>
<!-- Generated by org.testng.reporters.JUnitReportReporter -->
<testsuite skipped="0" hostname="T3J45" name="com.links.POMTest" tests="1" failures="0" timestamp="2020-05-18T14:12:38 IST" time="30.172" errors="0">
  <testcase name="test" time="30.172" classname="com.links.POMTest"/>
  <system-out/>
</testsuite> <!-- com.links.POMTest -->
