<?xml version="1.0" encoding="UTF-8"?>
<!-- Generated by org.testng.reporters.JUnitReportReporter -->
<testsuite skipped="0" hostname="T3J45" name="com.extract.POMTest" tests="2" failures="0" timestamp="2020-05-18T14:29:09 IST" time="7.422" errors="0">
  <testcase name="extract_links" time="4.439" classname="com.extract.POMTest"/>
  <system-out/>
  <testcase name="extract_para" time="2.983" classname="com.extract.POMTest"/>
  <system-out/>
</testsuite> <!-- com.extract.POMTest -->
