<?xml version="1.0" encoding="UTF-8"?>
<!-- Generated by org.testng.reporters.JUnitReportReporter -->
<testsuite skipped="0" hostname="T3J45" name="runner.TestRunner" tests="1" failures="0" timestamp="2020-06-15T13:38:46 IST" time="135.114" errors="0">
  <testcase name="runScenario" time="135.114" classname="runner.TestRunner"/>
  <system-out/>
</testsuite> <!-- runner.TestRunner -->
