<?xml version="1.0" encoding="UTF-8"?>
<!-- Generated by org.testng.reporters.JUnitReportReporter -->
<testsuite skipped="0" hostname="T3J45" name="com.compare.PDFDownload" tests="1" failures="0" timestamp="2020-05-26T03:56:23 IST" time="69.440" errors="0">
  <testcase name="downloadPDF" time="69.440" classname="com.compare.PDFDownload"/>
  <system-out/>
</testsuite> <!-- com.compare.PDFDownload -->
