<?xml version="1.0" encoding="UTF-8"?>
<!-- Generated by org.testng.reporters.JUnitReportReporter -->
<testsuite skipped="1" hostname="T3J45" name="com.compare.POMTest" tests="2" failures="0" timestamp="2020-06-14T21:43:14 IST" time="13.693" errors="0">
  <testcase name="comparePDF" time="13.693" classname="com.compare.POMTest"/>
  <system-out/>
  <testcase name="downloadAndCompare" classname="com.compare.POMTest">
    <skipped/>
  </testcase> <!-- downloadAndCompare -->
  <system-out/>
</testsuite> <!-- com.compare.POMTest -->
